2015-07-29 18:19:50 [main] ERROR com.job5156.beans.mail.EmailSender - 获取邮件服务器[business]配置失败
2015-07-29 18:26:17 [main] ERROR com.job5156.beans.mail.EmailSender - 邮件发送异常,收件人[hr@nhfurn.cn]:
java.lang.NullPointerException
	at com.sun.mail.handlers.text_plain.writeTo(text_plain.java:152)
	at javax.activation.ObjectDataContentHandler.writeTo(DataHandler.java:884)
	at javax.activation.DataHandler.writeTo(DataHandler.java:317)
	at javax.mail.internet.MimeUtility.getEncoding(MimeUtility.java:312)
	at javax.mail.internet.MimeBodyPart.updateHeaders(MimeBodyPart.java:1375)
	at javax.mail.internet.MimeBodyPart.updateHeaders(MimeBodyPart.java:1021)
	at javax.mail.internet.MimeMultipart.updateHeaders(MimeMultipart.java:419)
	at javax.mail.internet.MimeBodyPart.updateHeaders(MimeBodyPart.java:1354)
	at javax.mail.internet.MimeMessage.updateHeaders(MimeMessage.java:2107)
	at javax.mail.internet.MimeMessage.saveChanges(MimeMessage.java:2075)
	at javax.mail.Transport.send(Transport.java:123)
	at com.job5156.beans.mail.EmailSender.send(EmailSender.java:203)
	at com.job5156.task.mail.SendMailQueue.sendQueue(SendMailQueue.java:198)
	at com.job5156.task.mail.SendMailQueue.sendQueueList(SendMailQueue.java:178)
	at com.job5156.task.mail.SendMailQueue.send(SendMailQueue.java:107)
	at com.job5156.task.mail.SendMailQueue.main(SendMailQueue.java:69)
2015-07-29 18:28:56 [main] ERROR com.job5156.beans.mail.EmailSender - 邮件发送异常,收件人[hr@nhfurn.cn]:
java.lang.NullPointerException
	at com.sun.mail.handlers.text_plain.writeTo(text_plain.java:152)
	at javax.activation.ObjectDataContentHandler.writeTo(DataHandler.java:884)
	at javax.activation.DataHandler.writeTo(DataHandler.java:317)
	at javax.mail.internet.MimeUtility.getEncoding(MimeUtility.java:312)
	at javax.mail.internet.MimeBodyPart.updateHeaders(MimeBodyPart.java:1375)
	at javax.mail.internet.MimeBodyPart.updateHeaders(MimeBodyPart.java:1021)
	at javax.mail.internet.MimeMultipart.updateHeaders(MimeMultipart.java:419)
	at javax.mail.internet.MimeBodyPart.updateHeaders(MimeBodyPart.java:1354)
	at javax.mail.internet.MimeMessage.updateHeaders(MimeMessage.java:2107)
	at javax.mail.internet.MimeMessage.saveChanges(MimeMessage.java:2075)
	at javax.mail.Transport.send(Transport.java:123)
	at com.job5156.beans.mail.EmailSender.send(EmailSender.java:203)
	at com.job5156.task.mail.SendMailQueue.sendQueue(SendMailQueue.java:198)
	at com.job5156.task.mail.SendMailQueue.sendQueueList(SendMailQueue.java:178)
	at com.job5156.task.mail.SendMailQueue.send(SendMailQueue.java:107)
	at com.job5156.task.mail.SendMailQueue.main(SendMailQueue.java:69)
2015-07-29 18:31:26 [main] ERROR com.job5156.beans.mail.EmailSender - 邮件发送异常,收件人[hr@nhfurn.cn]:
java.lang.NullPointerException
	at com.sun.mail.handlers.text_plain.writeTo(text_plain.java:152)
	at javax.activation.ObjectDataContentHandler.writeTo(DataHandler.java:884)
	at javax.activation.DataHandler.writeTo(DataHandler.java:317)
	at javax.mail.internet.MimeUtility.getEncoding(MimeUtility.java:312)
	at javax.mail.internet.MimeBodyPart.updateHeaders(MimeBodyPart.java:1375)
	at javax.mail.internet.MimeBodyPart.updateHeaders(MimeBodyPart.java:1021)
	at javax.mail.internet.MimeMultipart.updateHeaders(MimeMultipart.java:419)
	at javax.mail.internet.MimeBodyPart.updateHeaders(MimeBodyPart.java:1354)
	at javax.mail.internet.MimeMessage.updateHeaders(MimeMessage.java:2107)
	at javax.mail.internet.MimeMessage.saveChanges(MimeMessage.java:2075)
	at javax.mail.Transport.send(Transport.java:123)
	at com.job5156.beans.mail.EmailSender.send(EmailSender.java:203)
	at com.job5156.task.mail.CopyOfSendMailQueue.sendQueue(CopyOfSendMailQueue.java:198)
	at com.job5156.task.mail.CopyOfSendMailQueue.sendQueueList(CopyOfSendMailQueue.java:178)
	at com.job5156.task.mail.CopyOfSendMailQueue.send(CopyOfSendMailQueue.java:107)
	at com.job5156.task.mail.CopyOfSendMailQueue.main(CopyOfSendMailQueue.java:69)
2015-07-29 18:33:38 [main] ERROR com.job5156.beans.mail.EmailSender - 邮件发送异常,收件人[hr@nhfurn.cn]:
java.lang.NullPointerException
	at com.sun.mail.handlers.text_plain.writeTo(text_plain.java:152)
	at javax.activation.ObjectDataContentHandler.writeTo(DataHandler.java:884)
	at javax.activation.DataHandler.writeTo(DataHandler.java:317)
	at javax.mail.internet.MimeUtility.getEncoding(MimeUtility.java:312)
	at javax.mail.internet.MimeBodyPart.updateHeaders(MimeBodyPart.java:1375)
	at javax.mail.internet.MimeBodyPart.updateHeaders(MimeBodyPart.java:1021)
	at javax.mail.internet.MimeMultipart.updateHeaders(MimeMultipart.java:419)
	at javax.mail.internet.MimeBodyPart.updateHeaders(MimeBodyPart.java:1354)
	at javax.mail.internet.MimeMessage.updateHeaders(MimeMessage.java:2107)
	at javax.mail.internet.MimeMessage.saveChanges(MimeMessage.java:2075)
	at javax.mail.Transport.send(Transport.java:123)
	at com.job5156.beans.mail.EmailSender.send(EmailSender.java:203)
	at com.job5156.task.mail.CopyOfSendMailQueue.sendQueue(CopyOfSendMailQueue.java:198)
	at com.job5156.task.mail.CopyOfSendMailQueue.sendQueueList(CopyOfSendMailQueue.java:178)
	at com.job5156.task.mail.CopyOfSendMailQueue.send(CopyOfSendMailQueue.java:107)
	at com.job5156.task.mail.CopyOfSendMailQueue.main(CopyOfSendMailQueue.java:69)
2015-07-29 18:35:25 [main] ERROR com.job5156.beans.mail.EmailSender - 邮件发送异常,收件人[hr@nhfurn.cn]:
java.lang.NullPointerException
	at com.sun.mail.handlers.text_plain.writeTo(text_plain.java:152)
	at javax.activation.ObjectDataContentHandler.writeTo(DataHandler.java:884)
	at javax.activation.DataHandler.writeTo(DataHandler.java:317)
	at javax.mail.internet.MimeUtility.getEncoding(MimeUtility.java:312)
	at javax.mail.internet.MimeBodyPart.updateHeaders(MimeBodyPart.java:1375)
	at javax.mail.internet.MimeBodyPart.updateHeaders(MimeBodyPart.java:1021)
	at javax.mail.internet.MimeMultipart.updateHeaders(MimeMultipart.java:419)
	at javax.mail.internet.MimeBodyPart.updateHeaders(MimeBodyPart.java:1354)
	at javax.mail.internet.MimeMessage.updateHeaders(MimeMessage.java:2107)
	at javax.mail.internet.MimeMessage.saveChanges(MimeMessage.java:2075)
	at javax.mail.Transport.send(Transport.java:123)
	at com.job5156.beans.mail.EmailSender.send(EmailSender.java:203)
	at com.job5156.task.mail.CopyOfSendMailQueue.sendQueue(CopyOfSendMailQueue.java:198)
	at com.job5156.task.mail.CopyOfSendMailQueue.sendQueueList(CopyOfSendMailQueue.java:178)
	at com.job5156.task.mail.CopyOfSendMailQueue.send(CopyOfSendMailQueue.java:107)
	at com.job5156.task.mail.CopyOfSendMailQueue.main(CopyOfSendMailQueue.java:69)
2015-07-29 18:39:27 [main] ERROR com.job5156.beans.mail.EmailSender - 邮件发送异常,收件人[hr@nhfurn.cn]:
java.lang.NullPointerException
	at com.sun.mail.handlers.text_plain.writeTo(text_plain.java:152)
	at javax.activation.ObjectDataContentHandler.writeTo(DataHandler.java:884)
	at javax.activation.DataHandler.writeTo(DataHandler.java:317)
	at javax.mail.internet.MimeUtility.getEncoding(MimeUtility.java:312)
	at javax.mail.internet.MimeBodyPart.updateHeaders(MimeBodyPart.java:1375)
	at javax.mail.internet.MimeBodyPart.updateHeaders(MimeBodyPart.java:1021)
	at javax.mail.internet.MimeMultipart.updateHeaders(MimeMultipart.java:419)
	at javax.mail.internet.MimeBodyPart.updateHeaders(MimeBodyPart.java:1354)
	at javax.mail.internet.MimeMessage.updateHeaders(MimeMessage.java:2107)
	at javax.mail.internet.MimeMessage.saveChanges(MimeMessage.java:2075)
	at javax.mail.Transport.send(Transport.java:123)
	at com.job5156.beans.mail.EmailSender.send(EmailSender.java:203)
	at com.job5156.task.mail.CopyOfSendMailQueue.sendQueue(CopyOfSendMailQueue.java:198)
	at com.job5156.task.mail.CopyOfSendMailQueue.sendQueueList(CopyOfSendMailQueue.java:178)
	at com.job5156.task.mail.CopyOfSendMailQueue.send(CopyOfSendMailQueue.java:107)
	at com.job5156.task.mail.CopyOfSendMailQueue.main(CopyOfSendMailQueue.java:69)
2015-07-29 18:42:48 [main] ERROR com.job5156.beans.mail.EmailSender - 邮件发送异常,收件人[hr@nhfurn.cn]:
java.lang.NullPointerException
	at com.sun.mail.handlers.text_plain.writeTo(text_plain.java:152)
	at javax.activation.ObjectDataContentHandler.writeTo(DataHandler.java:884)
	at javax.activation.DataHandler.writeTo(DataHandler.java:317)
	at javax.mail.internet.MimeUtility.getEncoding(MimeUtility.java:312)
	at javax.mail.internet.MimeBodyPart.updateHeaders(MimeBodyPart.java:1375)
	at javax.mail.internet.MimeBodyPart.updateHeaders(MimeBodyPart.java:1021)
	at javax.mail.internet.MimeMultipart.updateHeaders(MimeMultipart.java:419)
	at javax.mail.internet.MimeBodyPart.updateHeaders(MimeBodyPart.java:1354)
	at javax.mail.internet.MimeMessage.updateHeaders(MimeMessage.java:2107)
	at javax.mail.internet.MimeMessage.saveChanges(MimeMessage.java:2075)
	at javax.mail.Transport.send(Transport.java:123)
	at com.job5156.beans.mail.EmailSender.send(EmailSender.java:204)
	at com.job5156.task.mail.CopyOfSendMailQueue.sendQueue(CopyOfSendMailQueue.java:198)
	at com.job5156.task.mail.CopyOfSendMailQueue.sendQueueList(CopyOfSendMailQueue.java:178)
	at com.job5156.task.mail.CopyOfSendMailQueue.send(CopyOfSendMailQueue.java:107)
	at com.job5156.task.mail.CopyOfSendMailQueue.main(CopyOfSendMailQueue.java:69)
2015-07-29 18:48:23 [main] ERROR com.job5156.beans.mail.EmailSender - 邮件发送异常,收件人[hr@nhfurn.cn]:
java.lang.NullPointerException
	at com.sun.mail.handlers.text_plain.writeTo(text_plain.java:152)
	at javax.activation.ObjectDataContentHandler.writeTo(DataHandler.java:884)
	at javax.activation.DataHandler.writeTo(DataHandler.java:317)
	at javax.mail.internet.MimeUtility.getEncoding(MimeUtility.java:312)
	at javax.mail.internet.MimeBodyPart.updateHeaders(MimeBodyPart.java:1375)
	at javax.mail.internet.MimeBodyPart.updateHeaders(MimeBodyPart.java:1021)
	at javax.mail.internet.MimeMultipart.updateHeaders(MimeMultipart.java:419)
	at javax.mail.internet.MimeBodyPart.updateHeaders(MimeBodyPart.java:1354)
	at javax.mail.internet.MimeMessage.updateHeaders(MimeMessage.java:2107)
	at javax.mail.internet.MimeMessage.saveChanges(MimeMessage.java:2075)
	at javax.mail.Transport.send(Transport.java:123)
	at com.job5156.beans.mail.EmailSender.send(EmailSender.java:203)
	at com.job5156.task.mail.CopyOfSendMailQueue.sendQueue(CopyOfSendMailQueue.java:198)
	at com.job5156.task.mail.CopyOfSendMailQueue.sendQueueList(CopyOfSendMailQueue.java:178)
	at com.job5156.task.mail.CopyOfSendMailQueue.send(CopyOfSendMailQueue.java:107)
	at com.job5156.task.mail.CopyOfSendMailQueue.main(CopyOfSendMailQueue.java:69)
2015-07-29 20:18:16 [main] ERROR org.hibernate.engine.jdbc.spi.SqlExceptionHelper - Access denied for user 'jobbest'@'192.168.8.198' (using password: YES)
2015-07-29 20:18:39 [main] ERROR org.hibernate.engine.jdbc.spi.SqlExceptionHelper - Access denied for user 'jobbest'@'192.168.8.198' (using password: YES)
2015-07-29 20:20:19 [main] ERROR org.hibernate.engine.jdbc.spi.SqlExceptionHelper - Access denied for user 'jobbest'@'192.168.8.198' (using password: YES)
