2015-07-21 13:10:52 [main] ERROR com.job5156.beans.mail.EmailSender - 邮件发送异常,收件人[miketom158@163.com]:
java.lang.NullPointerException
	at com.sun.mail.handlers.text_plain.writeTo(text_plain.java:152)
	at javax.activation.ObjectDataContentHandler.writeTo(DataHandler.java:884)
	at javax.activation.DataHandler.writeTo(DataHandler.java:317)
	at javax.mail.internet.MimeUtility.getEncoding(MimeUtility.java:312)
	at javax.mail.internet.MimeBodyPart.updateHeaders(MimeBodyPart.java:1375)
	at javax.mail.internet.MimeBodyPart.updateHeaders(MimeBodyPart.java:1021)
	at javax.mail.internet.MimeMultipart.updateHeaders(MimeMultipart.java:419)
	at javax.mail.internet.MimeBodyPart.updateHeaders(MimeBodyPart.java:1354)
	at javax.mail.internet.MimeMessage.updateHeaders(MimeMessage.java:2107)
	at javax.mail.internet.MimeMessage.saveChanges(MimeMessage.java:2075)
	at javax.mail.Transport.send(Transport.java:123)
	at com.job5156.beans.mail.EmailSender.send(EmailSender.java:197)
	at com.job5156.task.mail.SendMailQueue.sendQueue(SendMailQueue.java:188)
	at com.job5156.task.mail.SendMailQueue.sendQueueList(SendMailQueue.java:168)
	at com.job5156.task.mail.SendMailQueue.send(SendMailQueue.java:97)
	at com.job5156.task.mail.SendMailQueue.main(SendMailQueue.java:63)
2015-07-21 13:12:18 [main] ERROR com.job5156.beans.mail.EmailSender - 邮件发送异常,收件人[miketom158@163.com]:
javax.mail.MessagingException: Could not connect to SMTP host: 192.168.2.151, port: 25;
  nested exception is:
	java.net.ConnectException: Connection timed out: connect
	at com.sun.mail.smtp.SMTPTransport.openServer(SMTPTransport.java:1961)
	at com.sun.mail.smtp.SMTPTransport.protocolConnect(SMTPTransport.java:654)
	at javax.mail.Service.connect(Service.java:317)
	at javax.mail.Service.connect(Service.java:176)
	at javax.mail.Service.connect(Service.java:125)
	at javax.mail.Transport.send0(Transport.java:194)
	at javax.mail.Transport.send(Transport.java:124)
	at com.job5156.beans.mail.EmailSender.send(EmailSender.java:197)
	at com.job5156.task.mail.SendMailQueue.sendQueue(SendMailQueue.java:190)
	at com.job5156.task.mail.SendMailQueue.sendQueueList(SendMailQueue.java:170)
	at com.job5156.task.mail.SendMailQueue.send(SendMailQueue.java:99)
	at com.job5156.task.mail.SendMailQueue.main(SendMailQueue.java:63)
Caused by: java.net.ConnectException: Connection timed out: connect
	at java.net.DualStackPlainSocketImpl.connect0(Native Method)
	at java.net.DualStackPlainSocketImpl.socketConnect(DualStackPlainSocketImpl.java:79)
	at java.net.AbstractPlainSocketImpl.doConnect(AbstractPlainSocketImpl.java:339)
	at java.net.AbstractPlainSocketImpl.connectToAddress(AbstractPlainSocketImpl.java:200)
	at java.net.AbstractPlainSocketImpl.connect(AbstractPlainSocketImpl.java:182)
	at java.net.PlainSocketImpl.connect(PlainSocketImpl.java:172)
	at java.net.SocksSocketImpl.connect(SocksSocketImpl.java:392)
	at java.net.Socket.connect(Socket.java:579)
	at java.net.Socket.connect(Socket.java:528)
	at com.sun.mail.util.SocketFetcher.createSocket(SocketFetcher.java:321)
	at com.sun.mail.util.SocketFetcher.getSocket(SocketFetcher.java:237)
	at com.sun.mail.smtp.SMTPTransport.openServer(SMTPTransport.java:1927)
	... 11 more
