2015-07-22 18:15:49 [main] ERROR com.job5156.common.jedis.JedisTemplate - Redis connection lost.
redis.clients.jedis.exceptions.JedisConnectionException: Could not get a resource from the pool
	at redis.clients.util.Pool.getResource(Pool.java:40)
	at com.job5156.common.jedis.JedisTemplate.execute(JedisTemplate.java:505)
	at com.job5156.common.jedis.JedisTemplate.readFromZset(JedisTemplate.java:458)
	at com.job5156.common.jedis.JedisTemplate.readFromZset(JedisTemplate.java:454)
	at com.job5156.task.mail.SendMailQueue.getMailSenderByTaskId(SendMailQueue.java:228)
	at com.job5156.task.mail.SendMailQueue.sendQueue(SendMailQueue.java:195)
	at com.job5156.task.mail.SendMailQueue.sendQueueList(SendMailQueue.java:176)
	at com.job5156.task.mail.SendMailQueue.send(SendMailQueue.java:105)
	at com.job5156.task.mail.SendMailQueue.main(SendMailQueue.java:67)
Caused by: redis.clients.jedis.exceptions.JedisConnectionException: java.net.ConnectException: Connection refused: connect
	at redis.clients.jedis.Connection.connect(Connection.java:137)
	at redis.clients.jedis.BinaryClient.connect(BinaryClient.java:65)
	at redis.clients.jedis.BinaryJedis.connect(BinaryJedis.java:1706)
	at redis.clients.jedis.JedisFactory.makeObject(JedisFactory.java:28)
	at org.apache.commons.pool.impl.GenericObjectPool.borrowObject(GenericObjectPool.java:1148)
	at redis.clients.util.Pool.getResource(Pool.java:38)
	... 8 more
Caused by: java.net.ConnectException: Connection refused: connect
	at java.net.DualStackPlainSocketImpl.waitForConnect(Native Method)
	at java.net.DualStackPlainSocketImpl.socketConnect(DualStackPlainSocketImpl.java:85)
	at java.net.AbstractPlainSocketImpl.doConnect(AbstractPlainSocketImpl.java:339)
	at java.net.AbstractPlainSocketImpl.connectToAddress(AbstractPlainSocketImpl.java:200)
	at java.net.AbstractPlainSocketImpl.connect(AbstractPlainSocketImpl.java:182)
	at java.net.PlainSocketImpl.connect(PlainSocketImpl.java:172)
	at java.net.SocksSocketImpl.connect(SocksSocketImpl.java:392)
	at java.net.Socket.connect(Socket.java:579)
	at redis.clients.jedis.Connection.connect(Connection.java:132)
	... 13 more
2015-07-22 18:16:19 [main] ERROR com.job5156.common.jedis.JedisTemplate - Redis connection lost.
redis.clients.jedis.exceptions.JedisConnectionException: Could not get a resource from the pool
	at redis.clients.util.Pool.getResource(Pool.java:40)
	at com.job5156.common.jedis.JedisTemplate.execute(JedisTemplate.java:505)
	at com.job5156.common.jedis.JedisTemplate.readFromZset(JedisTemplate.java:458)
	at com.job5156.common.jedis.JedisTemplate.readFromZset(JedisTemplate.java:454)
	at com.job5156.task.mail.SendMailQueue.getMailSenderByTaskId(SendMailQueue.java:228)
	at com.job5156.task.mail.SendMailQueue.sendQueue(SendMailQueue.java:195)
	at com.job5156.task.mail.SendMailQueue.sendQueueList(SendMailQueue.java:176)
	at com.job5156.task.mail.SendMailQueue.send(SendMailQueue.java:105)
	at com.job5156.task.mail.SendMailQueue.main(SendMailQueue.java:67)
Caused by: redis.clients.jedis.exceptions.JedisConnectionException: java.net.ConnectException: Connection refused: connect
	at redis.clients.jedis.Connection.connect(Connection.java:137)
	at redis.clients.jedis.BinaryClient.connect(BinaryClient.java:65)
	at redis.clients.jedis.BinaryJedis.connect(BinaryJedis.java:1706)
	at redis.clients.jedis.JedisFactory.makeObject(JedisFactory.java:28)
	at org.apache.commons.pool.impl.GenericObjectPool.borrowObject(GenericObjectPool.java:1148)
	at redis.clients.util.Pool.getResource(Pool.java:38)
	... 8 more
Caused by: java.net.ConnectException: Connection refused: connect
	at java.net.DualStackPlainSocketImpl.waitForConnect(Native Method)
	at java.net.DualStackPlainSocketImpl.socketConnect(DualStackPlainSocketImpl.java:85)
	at java.net.AbstractPlainSocketImpl.doConnect(AbstractPlainSocketImpl.java:339)
	at java.net.AbstractPlainSocketImpl.connectToAddress(AbstractPlainSocketImpl.java:200)
	at java.net.AbstractPlainSocketImpl.connect(AbstractPlainSocketImpl.java:182)
	at java.net.PlainSocketImpl.connect(PlainSocketImpl.java:172)
	at java.net.SocksSocketImpl.connect(SocksSocketImpl.java:392)
	at java.net.Socket.connect(Socket.java:579)
	at redis.clients.jedis.Connection.connect(Connection.java:132)
	... 13 more
2015-07-22 18:17:35 [main] ERROR com.job5156.common.jedis.JedisTemplate - Redis connection lost.
redis.clients.jedis.exceptions.JedisConnectionException: Could not get a resource from the pool
	at redis.clients.util.Pool.getResource(Pool.java:40)
	at com.job5156.common.jedis.JedisTemplate.execute(JedisTemplate.java:505)
	at com.job5156.common.jedis.JedisTemplate.readFromZset(JedisTemplate.java:458)
	at com.job5156.common.jedis.JedisTemplate.readFromZset(JedisTemplate.java:454)
	at com.job5156.task.mail.SendMailQueue.getMailSenderByTaskId(SendMailQueue.java:228)
	at com.job5156.task.mail.SendMailQueue.sendQueue(SendMailQueue.java:195)
	at com.job5156.task.mail.SendMailQueue.sendQueueList(SendMailQueue.java:176)
	at com.job5156.task.mail.SendMailQueue.send(SendMailQueue.java:105)
	at com.job5156.task.mail.SendMailQueue.main(SendMailQueue.java:67)
Caused by: redis.clients.jedis.exceptions.JedisConnectionException: java.net.ConnectException: Connection refused: connect
	at redis.clients.jedis.Connection.connect(Connection.java:137)
	at redis.clients.jedis.BinaryClient.connect(BinaryClient.java:65)
	at redis.clients.jedis.BinaryJedis.connect(BinaryJedis.java:1706)
	at redis.clients.jedis.JedisFactory.makeObject(JedisFactory.java:28)
	at org.apache.commons.pool.impl.GenericObjectPool.borrowObject(GenericObjectPool.java:1148)
	at redis.clients.util.Pool.getResource(Pool.java:38)
	... 8 more
Caused by: java.net.ConnectException: Connection refused: connect
	at java.net.DualStackPlainSocketImpl.waitForConnect(Native Method)
	at java.net.DualStackPlainSocketImpl.socketConnect(DualStackPlainSocketImpl.java:85)
	at java.net.AbstractPlainSocketImpl.doConnect(AbstractPlainSocketImpl.java:339)
	at java.net.AbstractPlainSocketImpl.connectToAddress(AbstractPlainSocketImpl.java:200)
	at java.net.AbstractPlainSocketImpl.connect(AbstractPlainSocketImpl.java:182)
	at java.net.PlainSocketImpl.connect(PlainSocketImpl.java:172)
	at java.net.SocksSocketImpl.connect(SocksSocketImpl.java:392)
	at java.net.Socket.connect(Socket.java:579)
	at redis.clients.jedis.Connection.connect(Connection.java:132)
	... 13 more
